BaseAppTester.starting...
BaseApp.init
BaseApp.run...
BaseApp.run
BaseApp.runThread
BaseApp.handleSignal : 15
Shutting down...
BaseApp.shutdown
BaseAppTester....ending
BaseAppTester.starting...
BaseApp.init
BaseApp.run...
BaseApp.run
BaseApp.runThread
BaseApp.handleSignal : 15
Shutting down...
BaseApp.shutdown
BaseApp.runThread : stop received
BaseAppTester....ending
BaseAppTester.starting...
BaseApp.init
BaseApp.run...
BaseApp.run
BaseApp.runThread
BaseApp.handleSignal : 15
Shutting down...
BaseApp.shutdown
BaseApp.runThread : stop received
BaseAppTester....ending
BaseAppTester.starting...
BaseApp.init
BaseApp.run...
BaseApp.run
BaseApp.runThread
BaseApp.handleSignal : 15
Shutting down...
BaseApp.shutdown
BaseAppTester....ending
BaseAppTester.starting...
BaseApp.init
BaseApp.run...
BaseApp.run
BaseApp.runThread
BaseApp.handleSignal : 15
BaseApp.runThread : stop received
Shutting down...
BaseApp.shutdown
BaseAppTester.starting...
BaseApp.init
BaseApp.run...
BaseApp.run
BaseApp.runThread
BaseApp.handleSignal : 15
BaseApp.runThread : stop received
Shutting down...
BaseApp.shutdown
BaseAppTester....ending
BaseAppTester.starting...
BaseApp.init
BaseApp.run...
BaseApp.run
BaseApp.runThread
BaseApp.handleSignal : 15
BaseApp.runThread : stop received
Shutting down...
BaseApp.shutdown
BaseAppTester....ending
BaseAppTester.starting...
BaseApp.init
BaseApp.run...
BaseApp.run
BaseApp.runThread
BaseApp.handleSignal : 15
BaseApp.runThread : stop received
Shutting down...
BaseApp.shutdown
BaseAppTester....ending
